  [1m[35m (32.7ms)[0m  [1m[35mCREATE DATABASE "hello_rails_back_end" ENCODING = 'unicode'[0m
  [1m[35m (7648.0ms)[0m  [1m[35mCREATE DATABASE "hello_rails_back_end" ENCODING = 'unicode'[0m
  [1m[35m (3936.4ms)[0m  [1m[35mCREATE DATABASE "hello_rails_back_end_test" ENCODING = 'unicode'[0m
  [1m[35m (277.7ms)[0m  [1m[35mCREATE TABLE "schema_migrations" ("version" character varying NOT NULL PRIMARY KEY)[0m
  [1m[35m (104.4ms)[0m  [1m[35mCREATE TABLE "ar_internal_metadata" ("key" character varying NOT NULL PRIMARY KEY, "value" character varying, "created_at" timestamp(6) NOT NULL, "updated_at" timestamp(6) NOT NULL)[0m
  [1m[35m (1.3ms)[0m  [1m[34mSELECT pg_try_advisory_lock(5956230667479989610)[0m
  [1m[36mActiveRecord::SchemaMigration Pluck (1.1ms)[0m  [1m[34mSELECT "schema_migrations"."version" FROM "schema_migrations" ORDER BY "schema_migrations"."version" ASC[0m
Migrating to CreateGreetings (20230328103947)
  [1m[36mTRANSACTION (0.3ms)[0m  [1m[35mBEGIN[0m
  [1m[35m (68.6ms)[0m  [1m[35mCREATE TABLE "greetings" ("id" bigserial primary key, "message" character varying, "created_at" timestamp(6) NOT NULL, "updated_at" timestamp(6) NOT NULL)[0m
  [1m[36mActiveRecord::SchemaMigration Create (24.2ms)[0m  [1m[32mINSERT INTO "schema_migrations" ("version") VALUES ($1) RETURNING "version"[0m  [["version", "20230328103947"]]
  [1m[36mTRANSACTION (0.9ms)[0m  [1m[35mCOMMIT[0m
  [1m[36mActiveRecord::InternalMetadata Load (0.8ms)[0m  [1m[34mSELECT "ar_internal_metadata".* FROM "ar_internal_metadata" WHERE "ar_internal_metadata"."key" = $1 LIMIT $2[0m  [["key", "environment"], ["LIMIT", 1]]
  [1m[36mTRANSACTION (0.2ms)[0m  [1m[35mBEGIN[0m
  [1m[36mActiveRecord::InternalMetadata Create (1.8ms)[0m  [1m[32mINSERT INTO "ar_internal_metadata" ("key", "value", "created_at", "updated_at") VALUES ($1, $2, $3, $4) RETURNING "key"[0m  [["key", "environment"], ["value", "development"], ["created_at", "2023-03-28 10:51:55.621132"], ["updated_at", "2023-03-28 10:51:55.621132"]]
  [1m[36mTRANSACTION (0.6ms)[0m  [1m[35mCOMMIT[0m
  [1m[35m (0.3ms)[0m  [1m[34mSELECT pg_advisory_unlock(5956230667479989610)[0m
  [1m[36mActiveRecord::SchemaMigration Pluck (2.0ms)[0m  [1m[34mSELECT "schema_migrations"."version" FROM "schema_migrations" ORDER BY "schema_migrations"."version" ASC[0m
Started GET "/" for 127.0.0.1 at 2023-03-28 11:53:13 +0100
  [1m[36mActiveRecord::SchemaMigration Pluck (1.8ms)[0m  [1m[34mSELECT "schema_migrations"."version" FROM "schema_migrations" ORDER BY "schema_migrations"."version" ASC[0m
Processing by Rails::WelcomeController#index as HTML
  Rendering C:/Ruby31-x64/lib/ruby/gems/3.1.0/gems/railties-7.0.4.3/lib/rails/templates/rails/welcome/index.html.erb
  Rendered C:/Ruby31-x64/lib/ruby/gems/3.1.0/gems/railties-7.0.4.3/lib/rails/templates/rails/welcome/index.html.erb (Duration: 42.7ms | Allocations: 630)
Completed 200 OK in 285ms (Views: 100.2ms | ActiveRecord: 0.0ms | Allocations: 5032)


Started GET "/greetings" for 127.0.0.1 at 2023-03-28 11:53:20 +0100
Processing by GreetingsController#index as HTML
  [1m[36mGreeting Count (2.7ms)[0m  [1m[34mSELECT COUNT(*) FROM "greetings"[0m
  ↳ app/controllers/greetings_controller.rb:3:in `index'
  [1m[36mGreeting Load (0.3ms)[0m  [1m[34mSELECT "greetings".* FROM "greetings" WHERE "greetings"."id" IS NULL LIMIT $1[0m  [["LIMIT", 1]]
  ↳ app/controllers/greetings_controller.rb:3:in `index'
Completed 200 OK in 20ms (Views: 0.2ms | ActiveRecord: 4.7ms | Allocations: 3613)


Started GET "/" for 127.0.0.1 at 2023-03-28 11:53:41 +0100
Processing by GreetingsController#index as HTML
  [1m[36mGreeting Count (0.3ms)[0m  [1m[34mSELECT COUNT(*) FROM "greetings"[0m
  ↳ app/controllers/greetings_controller.rb:3:in `index'
  [1m[36mGreeting Load (0.4ms)[0m  [1m[34mSELECT "greetings".* FROM "greetings" WHERE "greetings"."id" IS NULL LIMIT $1[0m  [["LIMIT", 1]]
  ↳ app/controllers/greetings_controller.rb:3:in `index'
Completed 200 OK in 11ms (Views: 0.2ms | ActiveRecord: 1.9ms | Allocations: 2561)


  [1m[36mActiveRecord::SchemaMigration Pluck (1.3ms)[0m  [1m[34mSELECT "schema_migrations"."version" FROM "schema_migrations" ORDER BY "schema_migrations"."version" ASC[0m
  [1m[36mTRANSACTION (0.2ms)[0m  [1m[35mBEGIN[0m
  [1m[36mGreeting Create (1.6ms)[0m  [1m[32mINSERT INTO "greetings" ("message", "created_at", "updated_at") VALUES ($1, $2, $3) RETURNING "id"[0m  [["message", "Hello user"], ["created_at", "2023-03-28 10:54:16.430818"], ["updated_at", "2023-03-28 10:54:16.430818"]]
  [1m[36mTRANSACTION (1.2ms)[0m  [1m[35mCOMMIT[0m
  [1m[36mTRANSACTION (0.2ms)[0m  [1m[35mBEGIN[0m
  [1m[36mGreeting Create (0.4ms)[0m  [1m[32mINSERT INTO "greetings" ("message", "created_at", "updated_at") VALUES ($1, $2, $3) RETURNING "id"[0m  [["message", "Welcome user"], ["created_at", "2023-03-28 10:54:16.438477"], ["updated_at", "2023-03-28 10:54:16.438477"]]
  [1m[36mTRANSACTION (0.7ms)[0m  [1m[35mCOMMIT[0m
  [1m[36mTRANSACTION (0.2ms)[0m  [1m[35mBEGIN[0m
  [1m[36mGreeting Create (0.3ms)[0m  [1m[32mINSERT INTO "greetings" ("message", "created_at", "updated_at") VALUES ($1, $2, $3) RETURNING "id"[0m  [["message", "Good day user"], ["created_at", "2023-03-28 10:54:16.443397"], ["updated_at", "2023-03-28 10:54:16.443397"]]
  [1m[36mTRANSACTION (0.6ms)[0m  [1m[35mCOMMIT[0m
  [1m[36mTRANSACTION (0.2ms)[0m  [1m[35mBEGIN[0m
  [1m[36mGreeting Create (0.4ms)[0m  [1m[32mINSERT INTO "greetings" ("message", "created_at", "updated_at") VALUES ($1, $2, $3) RETURNING "id"[0m  [["message", "Good evening user"], ["created_at", "2023-03-28 10:54:16.447173"], ["updated_at", "2023-03-28 10:54:16.447173"]]
  [1m[36mTRANSACTION (0.6ms)[0m  [1m[35mCOMMIT[0m
  [1m[36mTRANSACTION (0.2ms)[0m  [1m[35mBEGIN[0m
  [1m[36mGreeting Create (0.3ms)[0m  [1m[32mINSERT INTO "greetings" ("message", "created_at", "updated_at") VALUES ($1, $2, $3) RETURNING "id"[0m  [["message", "Good morning user"], ["created_at", "2023-03-28 10:54:16.451197"], ["updated_at", "2023-03-28 10:54:16.451197"]]
  [1m[36mTRANSACTION (0.6ms)[0m  [1m[35mCOMMIT[0m
Started GET "/" for 127.0.0.1 at 2023-03-28 11:54:26 +0100
  [1m[36mActiveRecord::SchemaMigration Pluck (2.1ms)[0m  [1m[34mSELECT "schema_migrations"."version" FROM "schema_migrations" ORDER BY "schema_migrations"."version" ASC[0m
Processing by GreetingsController#index as HTML
  [1m[36mGreeting Count (2.0ms)[0m  [1m[34mSELECT COUNT(*) FROM "greetings"[0m
  ↳ app/controllers/greetings_controller.rb:3:in `index'
  [1m[36mGreeting Load (0.4ms)[0m  [1m[34mSELECT "greetings".* FROM "greetings" WHERE "greetings"."id" = $1 LIMIT $2[0m  [["id", 4], ["LIMIT", 1]]
  ↳ app/controllers/greetings_controller.rb:3:in `index'
Completed 200 OK in 43ms (Views: 0.9ms | ActiveRecord: 10.8ms | Allocations: 8649)


Started GET "/" for 127.0.0.1 at 2023-03-28 11:54:28 +0100
Processing by GreetingsController#index as HTML
  [1m[36mGreeting Count (0.3ms)[0m  [1m[34mSELECT COUNT(*) FROM "greetings"[0m
  ↳ app/controllers/greetings_controller.rb:3:in `index'
  [1m[36mGreeting Load (0.4ms)[0m  [1m[34mSELECT "greetings".* FROM "greetings" WHERE "greetings"."id" = $1 LIMIT $2[0m  [["id", 2], ["LIMIT", 1]]
  ↳ app/controllers/greetings_controller.rb:3:in `index'
Completed 200 OK in 5ms (Views: 0.6ms | ActiveRecord: 0.7ms | Allocations: 1268)


